[ERROR][2017/07/0919:46:02766 ][Log4jTest.test(Log4jTest.java:17)]
error95
[WARN ][2017/07/0919:46:02767 ][Log4jTest.test(Log4jTest.java:15)]
warn96
[INFO ][2017/07/0919:46:02767 ][Log4jTest.test(Log4jTest.java:16)]
Info96
[ERROR][2017/07/0919:46:02767 ][Log4jTest.test(Log4jTest.java:17)]
error96
[WARN ][2017/07/0919:46:02767 ][Log4jTest.test(Log4jTest.java:15)]
warn97
[INFO ][2017/07/0919:46:02768 ][Log4jTest.test(Log4jTest.java:16)]
Info97
[ERROR][2017/07/0919:46:02768 ][Log4jTest.test(Log4jTest.java:17)]
error97
[WARN ][2017/07/0919:46:02768 ][Log4jTest.test(Log4jTest.java:15)]
warn98
[INFO ][2017/07/0919:46:02768 ][Log4jTest.test(Log4jTest.java:16)]
Info98
[ERROR][2017/07/0919:46:02768 ][Log4jTest.test(Log4jTest.java:17)]
error98
[WARN ][2017/07/0919:46:02769 ][Log4jTest.test(Log4jTest.java:15)]
warn99
[INFO ][2017/07/0919:46:02769 ][Log4jTest.test(Log4jTest.java:16)]
Info99
[ERROR][2017/07/0919:46:02769 ][Log4jTest.test(Log4jTest.java:17)]
error99
